0 verbose cli /usr/local/bin/node /usr/local/bin/npm
1 info using npm@9.8.1
2 info using node@v18.17.0
3 timing npm:load:whichnode Completed in 1ms
4 timing config:load:defaults Completed in 1ms
5 timing config:load:file:/usr/local/lib/node_modules/npm/npmrc Completed in 0ms
6 timing config:load:builtin Completed in 1ms
7 timing config:load:cli Completed in 1ms
8 timing config:load:env Completed in 0ms
9 timing config:load:file:/Users/guranda/Library/Caches/typescript/5.1/.npmrc Completed in 0ms
10 timing config:load:project Completed in 2ms
11 timing config:load:file:/Users/guranda/.npmrc Completed in 0ms
12 timing config:load:user Completed in 0ms
13 timing config:load:file:/usr/local/etc/npmrc Completed in 0ms
14 timing config:load:global Completed in 1ms
15 timing config:load:setEnvs Completed in 0ms
16 timing config:load Completed in 6ms
17 timing npm:load:configload Completed in 6ms
18 timing config:load:flatten Completed in 1ms
19 timing npm:load:mkdirpcache Completed in 0ms
20 timing npm:load:mkdirplogs Completed in 0ms
21 verbose title npm install @types/tapable@ts5.1 @types/html-webpack-plugin@ts5.1 @types/webpack@ts5.1
22 verbose argv "install" "--ignore-scripts" "@types/tapable@ts5.1" "@types/html-webpack-plugin@ts5.1" "@types/webpack@ts5.1" "--save-dev" "--user-agent" "typesInstaller/5.1.6"
23 timing npm:load:setTitle Completed in 5ms
24 timing npm:load:display Completed in 0ms
25 verbose logfile logs-max:10 dir:/Users/guranda/.npm/_logs/2023-08-02T09_54_05_265Z-
26 verbose logfile /Users/guranda/.npm/_logs/2023-08-02T09_54_05_265Z-debug-0.log
27 timing npm:load:logFile Completed in 5ms
28 timing npm:load:timers Completed in 0ms
29 timing npm:load:configScope Completed in 0ms
30 timing npm:load Completed in 25ms
31 timing arborist:ctor Completed in 0ms
32 silly logfile start cleaning logs, removing 1 files
33 silly logfile done cleaning log files
34 timing idealTree:init Completed in 43ms
35 timing arborist:ctor Completed in 0ms
36 http fetch GET 200 https://registry.npmjs.org/@types%2fwebpack 131ms (cache revalidated)
37 http fetch GET 200 https://registry.npmjs.org/@types%2ftapable 268ms (cache revalidated)
38 http fetch GET 200 https://registry.npmjs.org/@types%2fhtml-webpack-plugin 272ms (cache revalidated)
39 timing idealTree:userRequests Completed in 276ms
40 silly idealTree buildDeps
41 silly fetch manifest @types/html-webpack-plugin@3.2.6
42 silly fetch manifest @types/tapable@2.2.3
43 silly fetch manifest @types/webpack@5.28.1
44 silly placeDep ROOT @types/html-webpack-plugin@3.2.6 REPLACE for:  want: 3.2.6
45 silly placeDep ROOT @types/tapable@2.2.3 REPLACE for:  want: 2.2.3
46 silly placeDep ROOT @types/webpack@5.28.1 REPLACE for:  want: 5.28.1
47 timing idealTree:#root Completed in 15ms
48 timing idealTree:node_modules/@types/html-webpack-plugin Completed in 0ms
49 timing idealTree:node_modules/@types/tapable Completed in 0ms
50 timing idealTree:node_modules/@types/webpack Completed in 0ms
51 timing idealTree:buildDeps Completed in 17ms
52 timing idealTree:fixDepFlags Completed in 1ms
53 timing idealTree Completed in 340ms
54 timing reify:loadTrees Completed in 340ms
55 timing reify:diffTrees Completed in 3ms
56 silly reify moves {}
57 timing reify:retireShallow Completed in 1ms
58 timing reify:createSparse Completed in 0ms
59 timing reify:loadBundles Completed in 0ms
60 silly audit bulk request {
60 silly audit   '@babel/helper-string-parser': [ '7.22.5' ],
60 silly audit   '@babel/helper-validator-identifier': [ '7.22.5' ],
60 silly audit   '@babel/parser': [ '7.22.7' ],
60 silly audit   '@babel/types': [ '7.22.5' ],
60 silly audit   '@jridgewell/gen-mapping': [ '0.3.3' ],
60 silly audit   '@jridgewell/resolve-uri': [ '3.1.0' ],
60 silly audit   '@jridgewell/set-array': [ '1.1.2' ],
60 silly audit   '@jridgewell/source-map': [ '0.3.5' ],
60 silly audit   '@jridgewell/sourcemap-codec': [ '1.4.14' ],
60 silly audit   '@jridgewell/trace-mapping': [ '0.3.18' ],
60 silly audit   '@types/babel__core': [ '7.20.1' ],
60 silly audit   '@types/babel__generator': [ '7.6.4' ],
60 silly audit   '@types/babel__preset-env': [ '7.9.2' ],
60 silly audit   '@types/babel__template': [ '7.4.1' ],
60 silly audit   '@types/babel__traverse': [ '7.20.1' ],
60 silly audit   '@types/body-parser': [ '1.19.2' ],
60 silly audit   '@types/brace-expansion': [ '1.1.0' ],
60 silly audit   '@types/buffer-from': [ '1.1.0' ],
60 silly audit   '@types/cacache': [ '15.0.1' ],
60 silly audit   '@types/caniuse-lite': [ '1.0.1' ],
60 silly audit   '@types/clean-css': [ '4.2.6' ],
60 silly audit   '@types/clone-deep': [ '4.0.1' ],
60 silly audit   '@types/connect': [ '3.4.35' ],
60 silly audit   '@types/connect-history-api-fallback': [ '1.5.0' ],
60 silly audit   '@types/conventional-changelog-config-spec': [ '2.1.2' ],
60 silly audit   '@types/cross-spawn': [ '6.0.2' ],
60 silly audit   '@types/dns-packet': [ '5.2.4' ],
60 silly audit   '@types/envinfo': [ '7.8.1' ],
60 silly audit   '@types/eslint': [ '8.44.1' ],
60 silly audit   '@types/eslint-scope': [ '3.7.4' ],
60 silly audit   '@types/estraverse': [ '5.1.2' ],
60 silly audit   '@types/estree': [ '1.0.1' ],
60 silly audit   '@types/events': [ '3.0.0' ],
60 silly audit   '@types/express': [ '4.17.17' ],
60 silly audit   '@types/express-serve-static-core': [ '4.17.35' ],
60 silly audit   '@types/file-loader': [ '5.0.1' ],
60 silly audit   '@types/tapable': [ '1.0.8', '2.2.3' ],
60 silly audit   '@types/webpack': [ '4.41.33', '5.28.1' ],
60 silly audit   '@types/find-cache-dir': [ '3.2.1' ],
60 silly audit   '@types/function-bind': [ '1.1.7' ],
60 silly audit   '@types/glob-parent': [ '5.1.1' ],
60 silly audit   '@types/glob-to-regexp': [ '0.4.1' ],
60 silly audit   '@types/graceful-fs': [ '4.1.6' ],
60 silly audit   '@types/has': [ '1.0.0' ],
60 silly audit   '@types/he': [ '1.2.0' ],
60 silly audit   '@types/html-minifier': [ '4.0.2' ],
60 silly audit   '@types/html-minifier-terser': [ '7.0.0' ],
60 silly audit   '@types/http-errors': [ '2.0.1' ],
60 silly audit   '@types/http-proxy': [ '1.17.11' ],
60 silly audit   '@types/import-local': [ '3.1.0' ],
60 silly audit   '@types/interpret': [ '1.1.1' ],
60 silly audit   '@types/is-core-module': [ '2.2.0' ],
60 silly audit   '@types/isexe': [ '2.0.1' ],
60 silly audit   '@types/jquery': [ '3.5.16' ],
60 silly audit   '@types/jsesc': [ '3.0.1' ],
60 silly audit   '@types/json-schema': [ '7.0.12' ],
60 silly audit   '@types/kind-of': [ '6.0.0' ],
60 silly audit   '@types/loader-runner': [ '2.2.4' ],
60 silly audit   '@types/loader-utils': [ '2.0.3' ],
60 silly audit   '@types/merge-stream': [ '1.1.2' ],
60 silly audit   '@types/mime': [ '1.3.2' ],
60 silly audit   '@types/mime-db': [ '1.43.1' ],
60 silly audit   '@types/mime-types': [ '2.1.1' ],
60 silly audit   '@types/multicast-dns': [ '7.2.1' ],
60 silly audit   '@types/neo-async': [ '2.6.0' ],
60 silly audit   '@types/node': [ '20.4.4' ],
60 silly audit   '@types/normalize-path': [ '3.0.0' ],
60 silly audit   '@types/npm': [ '7.19.0' ],
60 silly audit   '@types/path-parse': [ '1.0.19' ],
60 silly audit   '@types/prop-types': [ '15.7.5' ],
60 silly audit   '@types/punycode': [ '2.1.0' ],
60 silly audit   '@types/qs': [ '6.9.7' ],
60 silly audit   '@types/randombytes': [ '2.0.0' ],
60 silly audit   '@types/range-parser': [ '1.2.4' ],
60 silly audit   '@types/react': [ '18.2.17' ],
60 silly audit   '@types/react-dom': [ '18.2.7' ],
60 silly audit   '@types/rechoir': [ '0.6.1' ],
60 silly audit   '@types/relateurl': [ '0.2.29' ],
60 silly audit   '@types/resolve': [ '1.20.2' ],
60 silly audit   '@types/scheduler': [ '0.16.3' ],
60 silly audit   '@types/send': [ '0.17.1' ],
60 silly audit   '@types/serialize-javascript': [ '5.0.2' ],
60 silly audit   '@types/serve-index': [ '1.9.1' ],
60 silly audit   '@types/serve-static': [ '1.15.2' ],
60 silly audit   '@types/shallow-clone': [ '3.0.0' ],
60 silly audit   '@types/shebang-command': [ '1.2.0' ],
60 silly audit   '@types/sizzle': [ '2.3.3' ],
60 silly audit   '@types/sockjs': [ '0.3.33' ],
60 silly audit   '@types/source-list-map': [ '0.1.2' ],
60 silly audit   '@types/source-map-support': [ '0.5.6' ],
60 silly audit   '@types/standard-version': [ '7.1.0' ],
60 silly audit   '@types/supports-color': [ '8.1.1' ],
60 silly audit   '@types/tap': [ '15.0.8' ],
60 silly audit   '@types/uglify-js': [ '3.17.1' ],
60 silly audit   '@types/watchpack': [ '2.4.1' ],
60 silly audit   '@types/webpack-sources': [ '3.2.0' ],
60 silly audit   'source-map': [ '0.7.4', '0.6.1' ],
60 silly audit   '@types/which': [ '3.0.0' ],
60 silly audit   '@types/ws': [ '8.5.5' ],
60 silly audit   '@types/xo': [ '0.39.5' ],
60 silly audit   '@webassemblyjs/ast': [ '1.11.6' ],
60 silly audit   '@webassemblyjs/floating-point-hex-parser': [ '1.11.6' ],
60 silly audit   '@webassemblyjs/helper-api-error': [ '1.11.6' ],
60 silly audit   '@webassemblyjs/helper-buffer': [ '1.11.6' ],
60 silly audit   '@webassemblyjs/helper-numbers': [ '1.11.6' ],
60 silly audit   '@webassemblyjs/helper-wasm-bytecode': [ '1.11.6' ],
60 silly audit   '@webassemblyjs/helper-wasm-section': [ '1.11.6' ],
60 silly audit   '@webassemblyjs/ieee754': [ '1.11.6' ],
60 silly audit   '@webassemblyjs/leb128': [ '1.11.6' ],
60 silly audit   '@webassemblyjs/utf8': [ '1.11.6' ],
60 silly audit   '@webassemblyjs/wasm-edit': [ '1.11.6' ],
60 silly audit   '@webassemblyjs/wasm-gen': [ '1.11.6' ],
60 silly audit   '@webassemblyjs/wasm-opt': [ '1.11.6' ],
60 silly audit   '@webassemblyjs/wasm-parser': [ '1.11.6' ],
60 silly audit   '@webassemblyjs/wast-printer': [ '1.11.6' ],
60 silly audit   '@xtuc/ieee754': [ '1.2.0' ],
60 silly audit   '@xtuc/long': [ '4.2.2' ],
60 silly audit   acorn: [ '8.10.0' ],
60 silly audit   'acorn-import-assertions': [ '1.9.0' ],
60 silly audit   ajv: [ '6.12.6' ],
60 silly audit   'ajv-keywords': [ '3.5.2' ],
60 silly audit   anymatch: [ '3.1.3' ],
60 silly audit   browserslist: [ '4.21.9' ],
60 silly audit   'buffer-from': [ '1.1.2' ],
60 silly audit   'caniuse-lite': [ '1.0.30001517' ],
60 silly audit   'chrome-trace-event': [ '1.0.3' ],
60 silly audit   commander: [ '2.20.3' ],
60 silly audit   csstype: [ '3.1.2' ],
60 silly audit   'electron-to-chromium': [ '1.4.468' ],
60 silly audit   'enhanced-resolve': [ '5.15.0' ],
60 silly audit   'es-module-lexer': [ '1.3.0' ],
60 silly audit   escalade: [ '3.1.1' ],
60 silly audit   'eslint-scope': [ '5.1.1' ],
60 silly audit   esrecurse: [ '4.3.0' ],
60 silly audit   estraverse: [ '5.3.0', '4.3.0' ],
60 silly audit   events: [ '3.3.0' ],
60 silly audit   'fast-deep-equal': [ '3.1.3' ],
60 silly audit   'fast-json-stable-stringify': [ '2.1.0' ],
60 silly audit   'glob-to-regexp': [ '0.4.1' ],
60 silly audit   'graceful-fs': [ '4.2.11' ],
60 silly audit   'has-flag': [ '4.0.0' ],
60 silly audit   'jest-worker': [ '27.5.1' ],
60 silly audit   'json-parse-even-better-errors': [ '2.3.1' ],
60 silly audit   'json-schema-traverse': [ '0.4.1' ],
60 silly audit   'loader-runner': [ '4.3.0' ],
60 silly audit   'merge-stream': [ '2.0.0' ],
60 silly audit   'mime-db': [ '1.52.0' ],
60 silly audit   'mime-types': [ '2.1.35' ],
60 silly audit   'neo-async': [ '2.6.2' ],
60 silly audit   'node-releases': [ '2.0.13' ],
60 silly audit   'normalize-path': [ '3.0.0' ],
60 silly audit   picocolors: [ '1.0.0' ],
60 silly audit   picomatch: [ '2.3.1' ],
60 silly audit   punycode: [ '2.3.0' ],
60 silly audit   randombytes: [ '2.1.0' ],
60 silly audit   'safe-buffer': [ '5.2.1' ],
60 silly audit   'schema-utils': [ '3.3.0' ],
60 silly audit   'serialize-javascript': [ '6.0.1' ],
60 silly audit   'source-map-support': [ '0.5.21' ],
60 silly audit   'supports-color': [ '8.1.1' ],
60 silly audit   tapable: [ '2.2.1' ],
60 silly audit   terser: [ '5.19.2' ],
60 silly audit   'terser-webpack-plugin': [ '5.3.9' ],
60 silly audit   'to-fast-properties': [ '2.0.0' ],
60 silly audit   'types-registry': [ '0.1.654' ],
60 silly audit   'update-browserslist-db': [ '1.0.11' ],
60 silly audit   'uri-js': [ '4.4.1' ],
60 silly audit   watchpack: [ '2.4.0' ],
60 silly audit   webpack: [ '5.88.2' ],
60 silly audit   'webpack-sources': [ '3.2.3' ],
60 silly audit   '@types/html-webpack-plugin': [ '3.2.6' ]
60 silly audit }
61 timing reify:unpack Completed in 1ms
62 timing reify:unretire Completed in 0ms
63 timing build:queue Completed in 0ms
64 timing build:deps Completed in 0ms
65 timing build Completed in 0ms
66 timing reify:build Completed in 0ms
67 timing reify:trash Completed in 0ms
68 timing reify:save Completed in 29ms
69 http fetch POST 200 https://registry.npmjs.org/-/npm/v1/security/advisories/bulk 1007ms
70 timing auditReport:getReport Completed in 1011ms
71 silly audit report {}
72 timing auditReport:init Completed in 0ms
73 timing reify:audit Completed in 1012ms
74 timing reify Completed in 1361ms
75 timing command:install Completed in 1367ms
76 verbose exit 0
77 timing npm Completed in 1498ms
78 info ok
